

 Input date file   --> HYPO71.INP    
 Output print file --> HYPO71.PRT    
 Output punch file --> HYPO71.OUT    
 Output resum file --> HYPO71.RES    
 Input milieu file -->               
 Ouput reloc  file -->               

1
                                                                                        
 STANDARD 
   1   0.1000   2  10.0000   3   2.0000   4   0.0500   5   5.0000
   6   4.0000   7  -0.8700   8   2.0000   9   0.0035  10 100.0000
  11   8.0000  12   0.5000  13   1.0000  14   0.0000  15   0.0000
  16   0.0000  17   0.0000  18   0.0000  19   0.0000  20   1.0000
 RESET TO 
   1   0.1000   2  50.0000   3   0.2000   4   0.0100   5   5.0000
   6   4.0000   7  -0.8700   8   2.0000   9   0.0035  10   2.0000
  11 999.0000  12   0.5000  13   1.0000  14   0.0000  15  -2.0000
  16   0.0000  17   0.0000  18   0.0000  19   0.0000  20   1.0000

    L     STN     LAT     LONG    ELV DELAY     FMGC  XMGC KL  PRR  CALR IC      DATE HRMN  dt
    1    PCSQ  650.80S 107 2.64E  880  0.00     0.00   0.00 0 0.00   0.00 0          0   0  0.00
    2    PCAK  645.32S 107 3.14E 1097  0.00     0.00   0.00 0 0.00   0.00 0          0   0  0.00
    3    IOIF  648.84S 107 7.10E  540  0.00     0.00   0.00 0 0.00   0.00 0          0   0  0.00
    4    XNAN  652.41S 107 2.03E  846  0.00     0.00   0.00 0 0.00   0.00 0          0   0  0.00
    5    ADDM  643.27S 107 7.42E  824  0.00     0.00   0.00 0 0.00   0.00 0          0   0  0.00
    6    JNXG  654.36S 107 5.06E  651  0.00     0.00   0.00 0 0.00   0.00 0          0   0  0.00
    7    ITEU  647.31S 10712.13E  314  0.00     0.00   0.00 0 0.00   0.00 0          0   0  0.00
    8    CAXR  651.29S 10712.10E  343  0.00     0.00   0.00 0 0.00   0.00 0          0   0  0.00
    9    DRJU  7 1.77S 107 3.98E 1068  0.00     0.00   0.00 0 0.00   0.00 0          0   0  0.00
   10    PCAK  645.32S 107 3.14E 1097  0.00     0.00   0.00 0 0.00   0.00 0          0   0  0.00



       CRUSTAL MODEL 1
     VELOCITY     DEPTH
        2.300     1.710
        3.300     2.010
        5.800    12.110
        6.300    21.910
        6.900    31.710



 KS Z XNEAR XFAR  POS   IQ  KMS  KFM IPUN IMAG   IR IPRN CODE   LATR      LONR
 0  2. 200. 450. 1.76    2    0   15    1    0    0    100100   0  0.00   0  0.00





                                                             ADJUSTMENTS (KM)  PARTIAL F-VALUES  STANDARD ERRORS  ADJUSTMENTS TAKEN
  I  ORIG  LAT S    LONG E   DEPTH  DM  RMS AVRPS SKD   CF   DLAT  DLON    DZ  DLAT  DLON    DZ  DLAT  DLON    DZ  DLAT  DLON    DZ
  1  4.66 -6-***** 107-  3.24  2.00   0 1.47  0.00 D0D  0.20 -5.81  2.22  1.63 11.92  1.42  2.89  1.68  1.86  0.96 -1.94  0.74  1.63
  2  5.46 -6-***** 107-  3.64  3.63   2 1.00 -0.55 D0C  0.20 -3.08  2.37  0.00 11.27  6.15  0.01  0.92  0.96  0.00 -1.54  1.18  0.00
  3  5.23 -6-***** 107-  4.28  3.63   4 0.61  0.16 D0B  0.20 -1.13  1.33 -1.77  1.76  2.05  0.44  0.85  0.93  2.66 -1.13  1.33 -1.77
  4  5.66 -6-***** 107-  5.01  1.86   4 0.55 -0.22 D0B  0.20 -0.31 -0.64  2.91  0.20  1.09  3.01  0.69  0.61  1.68 -0.31 -0.64  2.91
  4  6.53 -6-***** 107-  4.66  4.77   5 0.63 -1.40 D0B  0.20  0.00  0.00  0.00 -1.00 -1.00 -1.00  0.00  0.00  0.00  0.06  0.13 -0.58
  4  6.31 -6-***** 107-  4.73  4.19   5 0.59 -1.06 D0B  0.20  0.00  0.00  0.00 -1.00 -1.00 -1.00  0.00  0.00  0.00  0.06  0.13 -0.58
  4  6.09 -6-***** 107-  4.80  3.61   5 0.56 -0.75 D0B  0.20  0.00  0.00  0.00 -1.00 -1.00 -1.00  0.00  0.00  0.00  0.06  0.13 -0.58
  4  5.88 -6-***** 107-  4.87  3.03   5 0.56 -0.46 D0B  0.20  0.00  0.00  0.00 -1.00 -1.00 -1.00  0.00  0.00  0.00  0.06  0.13 -0.58
  5  5.66 -6-***** 107-  4.94  2.44*  4 0.54 -0.18 D0B  0.20  0.42  0.00  0.00  0.52  0.06 -1.00  0.58  0.00  0.00  0.42  0.00  0.00
  6  5.49 -6-***** 107-  4.94  2.44   5 0.44  0.05 C1B  0.05  0.16  0.00  0.00  0.12 -1.00  0.04  0.47  0.00  0.00  0.16  0.00  0.00
  7  5.55 -6-***** 107-  4.94  2.44   5 0.42  0.00 C1B  0.05  0.00  0.00 -1.25 -1.00  0.00  0.10  0.00  0.00  3.98  0.00  0.00 -1.25
  7  5.61 -6-***** 107-  4.94  1.20   5 0.53 -0.21 D1B  0.05  0.00  0.00  0.00 -1.00 -1.00 -1.00  0.00  0.00  0.00 -0.00 -0.00  0.25
  7  5.60 -6-***** 107-  4.94  1.45   5 0.48 -0.16 C1B  0.05  0.00  0.00  0.00 -1.00 -1.00 -1.00  0.00  0.00  0.00 -0.00 -0.00  0.25
  7  5.59 -6-***** 107-  4.94  1.70   5 0.45 -0.11 C1B  0.05  0.00  0.00  0.00 -1.00 -1.00 -1.00  0.00  0.00  0.00 -0.00 -0.00  0.25
  7  5.58 -6-***** 107-  4.94  1.95   5 0.42 -0.03 C1B  0.05  0.00  0.00  0.00 -1.00 -1.00 -1.00  0.00  0.00  0.00 -0.00 -0.00  0.25
  8  5.57 -6-***** 107-  4.94  2.19*  5 0.42 -0.00 C3B  0.05  0.00 -0.09  0.00 -1.00  0.04 -1.00  0.00  0.47  0.00  0.00  0.00  0.00
  8  5.57 -6-***** 107-  4.94  2.19   5 0.42  0.00 C2B  0.20  0.02 -0.10  0.57  0.00  0.03  0.00  0.54  0.59 10.72  0.00  0.00  0.00


  DATE    ORIGIN    LAT S    LONG E    DEPTH    MAG NO DM GAP M  RMS  ERH  ERZ Q SQD  ADJ IN NR  AVR  AAR NM AVXM SDXM NF AVFM SDFM I
 221205  146  5.57  6-47.44 107- 4.94   2.19        13  5 105 1 0.42  0.8 10.7 C C|B 0.25 10 13 0.00 0.35  0  0.0  0.0  0  0.0  0.0 8

  STN  DIST AZM AIN PRMK HRMN P-SEC TPOBS TPCAL DLY/H1 P-RES P-WT AMX PRX CALX K XMAG RMK FMP FMAG SRMK S-SEC TSOBS S-RES  S-WT    DT
 PCSQ   7.5 326  92 EP 0  146  8.94  3.37  3.18  0.00  0.19  0.87   0  0  0.00 0                                                           
 PCAK   5.1 220  95 EP 0  146  8.40  2.83  2.52  0.00  0.31  1.72   0  0  0.00 0                   ES 0  9.63  4.06 -0.38   1.7            
 IOIF   4.8  57  95 EP 0  146  8.42  2.85  2.24  0.00  0.61  0.67   0  0  0.00 0                   ES 0  9.61  4.04  0.10   0.7            
 XNAN  10.6 330  91 EP 0  146  9.43  3.86  4.11  0.00 -0.25  0.87   0  0  0.00 0                                                           
 ADDM   8.9 149  92 EP 0  146  9.72  4.15  3.59  0.00  0.56  1.68   0  0  0.00 0                   ES 0 11.65  6.08 -0.24   1.7            
 JNXG  12.8   1  90 EP 0  146  9.91  4.34  4.70  0.00 -0.35  0.87   0  0  0.00 0                                                           
 ITEU  13.3  91  90 EP 0  146 10.49  4.92  4.74  0.00  0.18  0.69   0  0  0.00 0                   ES 0 13.22  7.65 -0.69   0.7            
 CAXR  15.0  62  90 EP 0  146 10.85  5.28  5.27  0.00  0.01  0.69   0  0  0.00 0                                                           
 DRJU  26.5 356  90 EP 0  146 12.14  6.57  8.98  0.00 -2.41**0.07   0  0  0.00 0                                                           
1 ***** CLASS:     A     B     C     D TOTAL *****

       NUMBER:   0.0   0.0   1.0   0.0   1.0

            %:   0.0   0.0 100.0   0.0



          TRAVELTIME RESIDUALS (MODEL=1)     TRAVELTIME RESIDUALS (MODEL=2)     X-MAGNITUDE RESIDUALS      F-MAGNITUDE RESIDUALS
 STATION   NRES    SRWT   AVRES   SDRES       NRES    SRWT   AVRES   SDRES        NXM    AVXM    SDXM        NFM    AVFM    SDFM
    PCSQ      0    0.00    0.00    0.00          0    0.00    0.00    0.00          0    0.00    0.00          0    0.00    0.00
    PCAK      0    0.00    0.00    0.00          0    0.00    0.00    0.00          0    0.00    0.00          0    0.00    0.00
    IOIF      0    0.00    0.00    0.00          0    0.00    0.00    0.00          0    0.00    0.00          0    0.00    0.00
    XNAN      0    0.00    0.00    0.00          0    0.00    0.00    0.00          0    0.00    0.00          0    0.00    0.00
    ADDM      0    0.00    0.00    0.00          0    0.00    0.00    0.00          0    0.00    0.00          0    0.00    0.00
    JNXG      0    0.00    0.00    0.00          0    0.00    0.00    0.00          0    0.00    0.00          0    0.00    0.00
    ITEU      0    0.00    0.00    0.00          0    0.00    0.00    0.00          0    0.00    0.00          0    0.00    0.00
    CAXR      0    0.00    0.00    0.00          0    0.00    0.00    0.00          0    0.00    0.00          0    0.00    0.00
    DRJU      0    0.00    0.00    0.00          0    0.00    0.00    0.00          0    0.00    0.00          0    0.00    0.00
    PCAK      0    0.00    0.00    0.00          0    0.00    0.00    0.00          0    0.00    0.00          0    0.00    0.00
